[INFO] Scanning for projects...
[INFO] 
[INFO] -----------------------< com.tripleA:assesment >------------------------
[INFO] Building assesment 0.0.1-SNAPSHOT
[INFO]   from pom.xml
[INFO] --------------------------------[ jar ]---------------------------------
[INFO] 
[INFO] >>> spring-boot:4.0.2:run (default-cli) > test-compile @ assesment >>>
[INFO] 
[INFO] --- resources:3.3.1:resources (default-resources) @ assesment ---
[INFO] Copying 1 resource from src/main/resources to target/classes
[INFO] Copying 0 resource from src/main/resources to target/classes
[INFO] 
[INFO] --- compiler:3.14.1:compile (default-compile) @ assesment ---
[INFO] Recompiling the module because of changed source code.
[INFO] Compiling 11 source files with javac [debug parameters release 17] to target/classes
[INFO] 
[INFO] --- resources:3.3.1:testResources (default-testResources) @ assesment ---
[INFO] skip non existing resourceDirectory /Users/vansh.tomar/Downloads/assesment/src/test/resources
[INFO] 
[INFO] --- compiler:3.14.1:testCompile (default-testCompile) @ assesment ---
[INFO] Recompiling the module because of changed dependency.
[INFO] Compiling 1 source file with javac [debug parameters release 17] to target/test-classes
[INFO] 
[INFO] <<< spring-boot:4.0.2:run (default-cli) < test-compile @ assesment <<<
[INFO] 
[INFO] 
[INFO] --- spring-boot:4.0.2:run (default-cli) @ assesment ---
[INFO] Attaching agents: []

  .   ____          _            __ _ _
 /\\ / ___'_ __ _ _(_)_ __  __ _ \ \ \ \
( ( )\___ | '_ | '_| | '_ \/ _` | \ \ \ \
 \\/  ___)| |_)| | | | | || (_| |  ) ) ) )
  '  |____| .__|_| |_|_| |_\__, | / / / /
 =========|_|==============|___/=/_/_/_/

 :: Spring Boot ::                (v4.0.2)

2026-02-02T21:14:55.223+05:30  INFO 14437 --- [assesment] [           main] c.t.assesment.AssesmentApplication       : Starting AssesmentApplication using Java 21.0.5 with PID 14437 (/Users/vansh.tomar/Downloads/assesment/target/classes started by vansh.tomar in /Users/vansh.tomar/Downloads/assesment)
2026-02-02T21:14:55.225+05:30  INFO 14437 --- [assesment] [           main] c.t.assesment.AssesmentApplication       : No active profile set, falling back to 1 default profile: "default"
2026-02-02T21:14:55.833+05:30  INFO 14437 --- [assesment] [           main] .s.d.r.c.RepositoryConfigurationDelegate : Bootstrapping Spring Data JPA repositories in DEFAULT mode.
2026-02-02T21:14:55.897+05:30  INFO 14437 --- [assesment] [           main] .s.d.r.c.RepositoryConfigurationDelegate : Finished Spring Data repository scanning in 53 ms. Found 2 JPA repository interfaces.
2026-02-02T21:14:56.512+05:30  INFO 14437 --- [assesment] [           main] o.s.boot.tomcat.TomcatWebServer          : Tomcat initialized with port 8080 (http)
2026-02-02T21:14:56.524+05:30  INFO 14437 --- [assesment] [           main] o.apache.catalina.core.StandardService   : Starting service [Tomcat]
2026-02-02T21:14:56.524+05:30  INFO 14437 --- [assesment] [           main] o.apache.catalina.core.StandardEngine    : Starting Servlet engine: [Apache Tomcat/11.0.15]
2026-02-02T21:14:56.578+05:30  INFO 14437 --- [assesment] [           main] b.w.c.s.WebApplicationContextInitializer : Root WebApplicationContext: initialization completed in 1306 ms
2026-02-02T21:14:56.666+05:30  INFO 14437 --- [assesment] [           main] com.zaxxer.hikari.HikariDataSource       : HikariPool-1 - Starting...
2026-02-02T21:14:56.768+05:30  INFO 14437 --- [assesment] [           main] com.zaxxer.hikari.pool.HikariPool        : HikariPool-1 - Added connection conn0: url=jdbc:h2:mem:transfer_system user=ROOT
2026-02-02T21:14:56.769+05:30  INFO 14437 --- [assesment] [           main] com.zaxxer.hikari.HikariDataSource       : HikariPool-1 - Start completed.
2026-02-02T21:14:56.912+05:30  INFO 14437 --- [assesment] [           main] org.hibernate.orm.jpa                    : HHH008540: Processing PersistenceUnitInfo [name: default]
2026-02-02T21:14:56.936+05:30  INFO 14437 --- [assesment] [           main] org.hibernate.orm.core                   : HHH000001: Hibernate ORM core version 7.2.1.Final
2026-02-02T21:14:57.368+05:30  INFO 14437 --- [assesment] [           main] o.s.o.j.p.SpringPersistenceUnitInfo      : No LoadTimeWeaver setup: ignoring JPA class transformer
2026-02-02T21:14:57.401+05:30  WARN 14437 --- [assesment] [           main] org.hibernate.orm.deprecation            : HHH90000025: H2Dialect does not need to be specified explicitly using 'hibernate.dialect' (remove the property setting and it will be selected by default)
2026-02-02T21:14:57.411+05:30  INFO 14437 --- [assesment] [           main] org.hibernate.orm.connections.pooling    : HHH10001005: Database info:
	Database JDBC URL [jdbc:h2:mem:transfer_system]
	Database driver: H2 JDBC Driver
	Database dialect: H2Dialect
	Database version: 2.4.240
	Default catalog/schema: TRANSFER_SYSTEM/PUBLIC
	Autocommit mode: undefined/unknown
	Isolation level: READ_COMMITTED [default READ_COMMITTED]
	JDBC fetch size: 100
	Pool: DataSourceConnectionProvider
	Minimum pool size: undefined/unknown
	Maximum pool size: undefined/unknown
2026-02-02T21:14:57.971+05:30  INFO 14437 --- [assesment] [           main] org.hibernate.orm.core                   : HHH000489: No JTA platform available (set 'hibernate.transaction.jta.platform' to enable JTA platform integration)
2026-02-02T21:14:57.996+05:30  INFO 14437 --- [assesment] [           main] j.LocalContainerEntityManagerFactoryBean : Initialized JPA EntityManagerFactory for persistence unit 'default'
2026-02-02T21:14:58.119+05:30  INFO 14437 --- [assesment] [           main] o.s.d.j.r.query.QueryEnhancerFactories   : Hibernate is in classpath; If applicable, HQL parser will be used.
2026-02-02T21:14:58.301+05:30  WARN 14437 --- [assesment] [           main] JpaBaseConfiguration$JpaWebConfiguration : spring.jpa.open-in-view is enabled by default. Therefore, database queries may be performed during view rendering. Explicitly configure spring.jpa.open-in-view to disable this warning
2026-02-02T21:14:58.836+05:30  INFO 14437 --- [assesment] [           main] o.s.boot.tomcat.TomcatWebServer          : Tomcat started on port 8080 (http) with context path '/'
2026-02-02T21:14:58.852+05:30  INFO 14437 --- [assesment] [           main] c.t.assesment.AssesmentApplication       : Started AssesmentApplication in 4.128 seconds (process running for 17.15)
2026-02-02T21:15:06.193+05:30  INFO 14437 --- [assesment] [nio-8080-exec-1] o.a.c.c.C.[Tomcat].[localhost].[/]       : Initializing Spring DispatcherServlet 'dispatcherServlet'
2026-02-02T21:15:06.193+05:30  INFO 14437 --- [assesment] [nio-8080-exec-1] o.s.web.servlet.DispatcherServlet        : Initializing Servlet 'dispatcherServlet'
2026-02-02T21:15:06.194+05:30  INFO 14437 --- [assesment] [nio-8080-exec-1] o.s.web.servlet.DispatcherServlet        : Completed initialization in 1 ms
Hibernate: 
    select
        count(*) 
    from
        accounts a1_0 
    where
        a1_0.account_id=?
Hibernate: 
    select
        a1_0.account_id,
        a1_0.balance 
    from
        accounts a1_0 
    where
        a1_0.account_id=?
Hibernate: 
    insert 
    into
        accounts
        (balance, account_id) 
    values
        (?, ?)
Hibernate: 
    select
        count(*) 
    from
        accounts a1_0 
    where
        a1_0.account_id=?
Hibernate: 
    select
        a1_0.account_id,
        a1_0.balance 
    from
        accounts a1_0 
    where
        a1_0.account_id=?
Hibernate: 
    insert 
    into
        accounts
        (balance, account_id) 
    values
        (?, ?)
Hibernate: 
    select
        a1_0.account_id,
        a1_0.balance 
    from
        accounts a1_0 
    where
        a1_0.account_id=?
Hibernate: 
    select
        a1_0.account_id,
        a1_0.balance 
    from
        accounts a1_0 
    where
        a1_0.account_id=?
Hibernate: 
    select
        a1_0.account_id,
        a1_0.balance 
    from
        accounts a1_0 
    where
        a1_0.account_id=?
Hibernate: 
    select
        a1_0.account_id,
        a1_0.balance 
    from
        accounts a1_0 
    where
        a1_0.account_id=?
Hibernate: 
    insert 
    into
        transactions
        (amount, created_at, destination_account_id, source_account_id, transaction_id) 
    values
        (?, ?, ?, ?, default)
Hibernate: 
    update
        accounts 
    set
        balance=? 
    where
        account_id=?
Hibernate: 
    update
        accounts 
    set
        balance=? 
    where
        account_id=?
Hibernate: 
    select
        a1_0.account_id,
        a1_0.balance 
    from
        accounts a1_0 
    where
        a1_0.account_id=?
Hibernate: 
    select
        a1_0.account_id,
        a1_0.balance 
    from
        accounts a1_0 
    where
        a1_0.account_id=?
Hibernate: 
    select
        a1_0.account_id,
        a1_0.balance 
    from
        accounts a1_0 
    where
        a1_0.account_id=?
Hibernate: 
    select
        a1_0.account_id,
        a1_0.balance 
    from
        accounts a1_0 
    where
        a1_0.account_id=?
Hibernate: 
    select
        a1_0.account_id,
        a1_0.balance 
    from
        accounts a1_0 
    where
        a1_0.account_id=?
Hibernate: 
    select
        count(*) 
    from
        accounts a1_0 
    where
        a1_0.account_id=?
